0 info it worked if it ends with ok
1 verbose cli [ '/usr/bin/node', '/usr/bin/npm', 'run', 'ci:cy-run' ]
2 info using npm@3.5.2
3 info using node@v8.10.0
4 verbose run-script [ 'preci:cy-run', 'ci:cy-run', 'postci:cy-run' ]
5 info lifecycle @~preci:cy-run: @
6 silly lifecycle @~preci:cy-run: no script for preci:cy-run, continuing
7 info lifecycle @~ci:cy-run: @
8 verbose lifecycle @~ci:cy-run: unsafe-perm in lifecycle true
9 verbose lifecycle @~ci:cy-run: PATH: /usr/share/npm/bin/node-gyp-bin:/home/danny/MY_REPOS/Online-Banking-System/node_modules/.bin:D:\Old_Desktop\Documents\GitHub\Online-Banking-System\env/Scripts:/home/danny/.local/bin:/home/danny/.local/bin:/usr/local/sbin:/usr/local/bin:/usr/sbin:/usr/bin:/sbin:/bin:/usr/games:/usr/local/games:/snap/bin
10 verbose lifecycle @~ci:cy-run: CWD: /home/danny/MY_REPOS/Online-Banking-System
11 silly lifecycle @~ci:cy-run: Args: [ '-c',
11 silly lifecycle   'start-server-and-test ci:start-server http://localhost:5000 cy:run' ]
12 silly lifecycle @~ci:cy-run: Returned: code: 1  signal: null
13 info lifecycle @~ci:cy-run: Failed to exec ci:cy-run script
14 verbose stack Error: @ ci:cy-run: `start-server-and-test ci:start-server http://localhost:5000 cy:run`
14 verbose stack Exit status 1
14 verbose stack     at EventEmitter.<anonymous> (/usr/share/npm/lib/utils/lifecycle.js:232:16)
14 verbose stack     at emitTwo (events.js:126:13)
14 verbose stack     at EventEmitter.emit (events.js:214:7)
14 verbose stack     at ChildProcess.<anonymous> (/usr/share/npm/lib/utils/spawn.js:24:14)
14 verbose stack     at emitTwo (events.js:126:13)
14 verbose stack     at ChildProcess.emit (events.js:214:7)
14 verbose stack     at maybeClose (internal/child_process.js:925:16)
14 verbose stack     at Process.ChildProcess._handle.onexit (internal/child_process.js:209:5)
15 verbose pkgid @
16 verbose cwd /home/danny/MY_REPOS/Online-Banking-System
17 error Linux 5.0.0-32-generic
18 error argv "/usr/bin/node" "/usr/bin/npm" "run" "ci:cy-run"
19 error node v8.10.0
20 error npm  v3.5.2
21 error code ELIFECYCLE
22 error @ ci:cy-run: `start-server-and-test ci:start-server http://localhost:5000 cy:run`
22 error Exit status 1
23 error Failed at the @ ci:cy-run script 'start-server-and-test ci:start-server http://localhost:5000 cy:run'.
23 error Make sure you have the latest version of node.js and npm installed.
23 error If you do, this is most likely a problem with the  package,
23 error not with npm itself.
23 error Tell the author that this fails on your system:
23 error     start-server-and-test ci:start-server http://localhost:5000 cy:run
23 error You can get information on how to open an issue for this project with:
23 error     npm bugs
23 error Or if that isn't available, you can get their info via:
23 error     npm owner ls
23 error There is likely additional logging output above.
24 verbose exit [ 1, true ]
